<?xml version="1.0" encoding="UTF-8"?>
<!-- Generated by org.testng.reporters.JUnitReportReporter -->
<testsuite hostname="DESKTOP-2NE1IOF" failures="0" tests="1" name="unacademy.search.testNG.SearchTestNGCourse" time="0.000" errors="0" timestamp="2021-07-15T10:50:15 IST" skipped="1">
  <testcase classname="unacademy.search.testNG.SearchTestNGCourse" name="verifyExplorationOfCourses" time="0.000">
    <skipped/>
  </testcase> <!-- verifyExplorationOfCourses -->
  <system-out/>
</testsuite> <!-- unacademy.search.testNG.SearchTestNGCourse -->
