<?xml version="1.0" encoding="UTF-8"?>
<!-- Generated by org.testng.reporters.JUnitReportReporter -->
<testsuite hostname="DESKTOP-2NE1IOF" failures="0" tests="3" name="unacademy.search.testNG.SearchTestNGClass" time="42.274" errors="0" timestamp="2021-07-13T12:03:56 IST" skipped="1">
  <testcase classname="unacademy.search.testNG.SearchTestNGClass" name="verifyExplorationOfEducatorProfile" time="9.210">
    <skipped/>
  </testcase> <!-- verifyExplorationOfEducatorProfile -->
  <system-out/>
  <testcase classname="unacademy.search.testNG.SearchTestNGClass" name="verifySearchingFromTrendingSearchList" time="16.062"/>
  <system-out/>
  <testcase classname="unacademy.search.testNG.SearchTestNGClass" name="verifyExplorationOfCourses" time="17.002"/>
  <system-out/>
</testsuite> <!-- unacademy.search.testNG.SearchTestNGClass -->
