<?xml version="1.0" encoding="UTF-8"?>
<!-- Generated by org.testng.reporters.JUnitReportReporter -->
<testsuite hostname="DESKTOP-2NE1IOF" failures="0" tests="3" name="unacademy.search.testNG.SearchTestNGClass" time="72.446" errors="0" timestamp="2021-07-12T10:56:31 IST" skipped="0">
  <testcase classname="unacademy.search.testNG.SearchTestNGClass" name="verifyExplorationOfEducatorProfile" time="32.003"/>
  <system-out/>
  <testcase classname="unacademy.search.testNG.SearchTestNGClass" name="verifySearchingFromTrendingSearchList" time="13.784"/>
  <system-out/>
  <testcase classname="unacademy.search.testNG.SearchTestNGClass" name="verifyExplorationOfCourses" time="26.659"/>
  <system-out/>
</testsuite> <!-- unacademy.search.testNG.SearchTestNGClass -->
