<?xml version="1.0" encoding="UTF-8"?>
<!-- Generated by org.testng.reporters.JUnitReportReporter -->
<testsuite hostname="DESKTOP-2NE1IOF" failures="0" tests="2" name="unacademy.search.testNG.SearchTestNGClass" time="34.230" errors="0" timestamp="2021-07-15T10:50:15 IST" skipped="0">
  <testcase classname="unacademy.search.testNG.SearchTestNGClass" name="verifySearchingFromTrendingSearchList" time="12.042"/>
  <system-out/>
  <testcase classname="unacademy.search.testNG.SearchTestNGClass" name="verifyExplorationOfEducatorProfile" time="22.188"/>
  <system-out/>
</testsuite> <!-- unacademy.search.testNG.SearchTestNGClass -->
