<?xml version="1.0" encoding="UTF-8"?>
<!-- Generated by org.testng.reporters.JUnitReportReporter -->
<testsuite hostname="DESKTOP-2NE1IOF" failures="0" tests="3" name="unacademy.search.testNG.SearchTestNGClass" time="76.493" errors="0" timestamp="2021-07-13T11:08:22 IST" skipped="0">
  <testcase classname="unacademy.search.testNG.SearchTestNGClass" name="verifyExplorationOfEducatorProfile" time="32.984"/>
  <system-out/>
  <testcase classname="unacademy.search.testNG.SearchTestNGClass" name="verifySearchingFromTrendingSearchList" time="17.632"/>
  <system-out/>
  <testcase classname="unacademy.search.testNG.SearchTestNGClass" name="verifyExplorationOfCourses" time="25.877"/>
  <system-out/>
</testsuite> <!-- unacademy.search.testNG.SearchTestNGClass -->
