<?xml version="1.0" encoding="UTF-8"?>
<!-- Generated by org.testng.reporters.JUnitReportReporter -->
<testsuite hostname="DESKTOP-2NE1IOF" failures="0" tests="3" name="unacademy.search.testNG.SearchTestNGClass" time="72.744" errors="0" timestamp="2021-07-12T15:39:22 IST" skipped="0">
  <testcase classname="unacademy.search.testNG.SearchTestNGClass" name="verifyExplorationOfEducatorProfile" time="33.624"/>
  <system-out/>
  <testcase classname="unacademy.search.testNG.SearchTestNGClass" name="verifySearchingFromTrendingSearchList" time="14.186"/>
  <system-out/>
  <testcase classname="unacademy.search.testNG.SearchTestNGClass" name="verifyExplorationOfCourses" time="24.934"/>
  <system-out/>
</testsuite> <!-- unacademy.search.testNG.SearchTestNGClass -->
